<?xml version="1.0" encoding="UTF-8"?>
<testng-results ignored="0" total="1" passed="1" failed="0" skipped="0">
  <reporter-output>
  </reporter-output>
  <suite started-at="2020-09-30T14:32:03 IST" name="Default suite" finished-at="2020-09-30T14:32:54 IST" duration-ms="51107">
    <groups>
    </groups>
    <test started-at="2020-09-30T14:32:03 IST" name="Default test" finished-at="2020-09-30T14:32:54 IST" duration-ms="51107">
      <class name="Quantinsti.Quantinsti">
        <test-method is-config="true" signature="setUp()[pri:0, instance:Quantinsti.Quantinsti@59d016c9]" started-at="2020-09-30T14:32:03 IST" name="setUp" finished-at="2020-09-30T14:32:06 IST" duration-ms="2524" status="PASS">
          <reporter-output>
          </reporter-output>
        </test-method> <!-- setUp -->
        <test-method signature="testQuantinsti()[pri:0, instance:Quantinsti.Quantinsti@59d016c9]" started-at="2020-09-30T14:32:06 IST" name="testQuantinsti" finished-at="2020-09-30T14:32:54 IST" duration-ms="48554" status="PASS">
          <reporter-output>
          </reporter-output>
        </test-method> <!-- testQuantinsti -->
        <test-method is-config="true" signature="tearDown()[pri:0, instance:Quantinsti.Quantinsti@59d016c9]" started-at="2020-09-30T14:32:54 IST" name="tearDown" finished-at="2020-09-30T14:32:54 IST" duration-ms="0" status="PASS">
          <reporter-output>
          </reporter-output>
        </test-method> <!-- tearDown -->
      </class> <!-- Quantinsti.Quantinsti -->
    </test> <!-- Default test -->
  </suite> <!-- Default suite -->
</testng-results>
